{"/Users/puneet.bhojwani/mycode/s3-download/src/index.ts": {"path":"/Users/puneet.bhojwani/mycode/s3-download/src/index.ts","statementMap":{"0":{"start":{"line":1,"column":0},"end":{"line":1,"column":41}},"1":{"start":{"line":2,"column":0},"end":{"line":2,"column":56}},"2":{"start":{"line":3,"column":0},"end":{"line":3,"column":34}},"3":{"start":{"line":11,"column":29},"end":{"line":14,"column":4}},"4":{"start":{"line":16,"column":2},"end":{"line":16,"column":45}},"5":{"start":{"line":18,"column":2},"end":{"line":18,"column":37}},"6":{"start":{"line":21,"column":9},"end":{"line":21,"column":23}},"7":{"start":{"line":22,"column":0},"end":{"line":22,"column":9}},"8":{"start":{"line":22,"column":9},"end":{"line":22,"column":41}}},"fnMap":{"0":{"name":"downloadS3Data","decl":{"start":{"line":5,"column":15},"end":{"line":5,"column":29}},"loc":{"start":{"line":6,"column":72},"end":{"line":19,"column":null}}},"1":{"name":"(anonymous_9)","decl":{"start":{"line":22,"column":9},"end":{"line":22,"column":20}},"loc":{"start":{"line":22,"column":9},"end":{"line":22,"column":41}}}},"branchMap":{"0":{"loc":{"start":{"line":6,"column":2},"end":{"line":6,"column":72}},"type":"default-arg","locations":[{"start":{"line":6,"column":53},"end":{"line":6,"column":72}}]},"1":{"loc":{"start":{"line":6,"column":4},"end":{"line":6,"column":27}},"type":"default-arg","locations":[{"start":{"line":6,"column":14},"end":{"line":6,"column":27}}]}},"s":{"0":1,"1":1,"2":1,"3":1,"4":1,"5":1,"6":1,"7":1,"8":2},"f":{"0":1,"1":1},"b":{"0":[1],"1":[1]}}
,"/Users/puneet.bhojwani/mycode/s3-download/src/config/index.ts": {"path":"/Users/puneet.bhojwani/mycode/s3-download/src/config/index.ts","statementMap":{"0":{"start":{"line":1,"column":13},"end":{"line":6,"column":2}}},"fnMap":{},"branchMap":{"0":{"loc":{"start":{"line":2,"column":12},"end":{"line":2,"column":54}},"type":"binary-expr","locations":[{"start":{"line":2,"column":12},"end":{"line":2,"column":34}},{"start":{"line":2,"column":38},"end":{"line":2,"column":54}}]},"1":{"loc":{"start":{"line":5,"column":11},"end":{"line":5,"column":79}},"type":"binary-expr","locations":[{"start":{"line":5,"column":11},"end":{"line":5,"column":37}},{"start":{"line":5,"column":41},"end":{"line":5,"column":79}}]}},"s":{"0":4},"f":{},"b":{"0":[4,4],"1":[4,4]}}
,"/Users/puneet.bhojwani/mycode/s3-download/src/s3Downloader/index.ts": {"path":"/Users/puneet.bhojwani/mycode/s3-download/src/s3Downloader/index.ts","statementMap":{"0":{"start":{"line":1,"column":0},"end":{"line":1,"column":54}},"1":{"start":{"line":2,"column":0},"end":{"line":2,"column":56}},"2":{"start":{"line":3,"column":0},"end":{"line":3,"column":31}},"3":{"start":{"line":4,"column":0},"end":{"line":4,"column":29}},"4":{"start":{"line":5,"column":0},"end":{"line":5,"column":26}},"5":{"start":{"line":6,"column":0},"end":{"line":6,"column":35}},"6":{"start":{"line":15,"column":25},"end":{"line":15,"column":50}},"7":{"start":{"line":16,"column":29},"end":{"line":16,"column":63}},"8":{"start":{"line":17,"column":21},"end":{"line":17,"column":64}},"9":{"start":{"line":19,"column":18},"end":{"line":19,"column":null}},"10":{"start":{"line":23,"column":19},"end":{"line":23,"column":56}},"11":{"start":{"line":25,"column":36},"end":{"line":27,"column":14}},"12":{"start":{"line":29,"column":2},"end":{"line":60,"column":4}},"13":{"start":{"line":31,"column":27},"end":{"line":58,"column":null}},"14":{"start":{"line":32,"column":23},"end":{"line":32,"column":57}},"15":{"start":{"line":33,"column":22},"end":{"line":33,"column":42}},"16":{"start":{"line":35,"column":6},"end":{"line":35,"column":47}},"17":{"start":{"line":37,"column":19},"end":{"line":37,"column":49}},"18":{"start":{"line":39,"column":6},"end":{"line":57,"column":9}},"19":{"start":{"line":40,"column":8},"end":{"line":56,"column":13}},"20":{"start":{"line":48,"column":12},"end":{"line":48,"column":61}},"21":{"start":{"line":49,"column":12},"end":{"line":49,"column":51}},"22":{"start":{"line":50,"column":12},"end":{"line":50,"column":22}},"23":{"start":{"line":53,"column":12},"end":{"line":53,"column":58}},"24":{"start":{"line":54,"column":12},"end":{"line":54,"column":53}},"25":{"start":{"line":55,"column":12},"end":{"line":55,"column":22}},"26":{"start":{"line":62,"column":2},"end":{"line":73,"column":5}},"27":{"start":{"line":63,"column":4},"end":{"line":72,"column":6}},"28":{"start":{"line":69,"column":8},"end":{"line":69,"column":55}},"29":{"start":{"line":70,"column":8},"end":{"line":70,"column":36}},"30":{"start":{"line":8,"column":0},"end":{"line":8,"column":22}}},"fnMap":{"0":{"name":"fetchAndSaveDataFromS3","decl":{"start":{"line":8,"column":22},"end":{"line":8,"column":44}},"loc":{"start":{"line":14,"column":1},"end":{"line":74,"column":null}}},"1":{"name":"(anonymous_16)","decl":{"start":{"line":31,"column":4},"end":{"line":31,"column":11}},"loc":{"start":{"line":31,"column":27},"end":{"line":58,"column":null}}},"2":{"name":"(anonymous_17)","decl":{"start":{"line":31,"column":27},"end":{"line":31,"column":null}},"loc":{"start":{"line":31,"column":27},"end":{"line":58,"column":5}}},"3":{"name":"(anonymous_18)","decl":{"start":{"line":39,"column":33},"end":{"line":39,"column":34}},"loc":{"start":{"line":39,"column":45},"end":{"line":57,"column":7}}},"4":{"name":"(anonymous_19)","decl":{"start":{"line":47,"column":23},"end":{"line":47,"column":24}},"loc":{"start":{"line":47,"column":39},"end":{"line":51,"column":11}}},"5":{"name":"(anonymous_20)","decl":{"start":{"line":52,"column":24},"end":{"line":52,"column":27}},"loc":{"start":{"line":52,"column":29},"end":{"line":56,"column":11}}},"6":{"name":"(anonymous_21)","decl":{"start":{"line":62,"column":21},"end":{"line":62,"column":22}},"loc":{"start":{"line":62,"column":33},"end":{"line":73,"column":3}}},"7":{"name":"(anonymous_22)","decl":{"start":{"line":68,"column":6},"end":{"line":68,"column":22}},"loc":{"start":{"line":68,"column":31},"end":{"line":71,"column":null}}}},"branchMap":{},"s":{"0":2,"1":2,"2":2,"3":2,"4":2,"5":2,"6":3,"7":3,"8":3,"9":3,"10":3,"11":3,"12":3,"13":8,"14":8,"15":8,"16":8,"17":8,"18":8,"19":8,"20":4,"21":4,"22":4,"23":6,"24":6,"25":6,"26":3,"27":3,"28":3,"29":3,"30":2},"f":{"0":3,"1":8,"2":8,"3":8,"4":4,"5":6,"6":3,"7":3},"b":{}}
,"/Users/puneet.bhojwani/mycode/s3-download/src/security/clearKey.ts": {"path":"/Users/puneet.bhojwani/mycode/s3-download/src/security/clearKey.ts","statementMap":{"0":{"start":{"line":2,"column":2},"end":{"line":4,"column":null}},"1":{"start":{"line":2,"column":15},"end":{"line":2,"column":16}},"2":{"start":{"line":3,"column":4},"end":{"line":3,"column":27}},"3":{"start":{"line":1,"column":0},"end":{"line":1,"column":16}}},"fnMap":{"0":{"name":"clearKey","decl":{"start":{"line":1,"column":16},"end":{"line":1,"column":24}},"loc":{"start":{"line":1,"column":49},"end":{"line":5,"column":1}}}},"branchMap":{},"s":{"0":4,"1":4,"2":70,"3":3},"f":{"0":4},"b":{}}
,"/Users/puneet.bhojwani/mycode/s3-download/src/security/constants.ts": {"path":"/Users/puneet.bhojwani/mycode/s3-download/src/security/constants.ts","statementMap":{"0":{"start":{"line":1,"column":13},"end":{"line":1,"column":39}},"1":{"start":{"line":3,"column":13},"end":{"line":3,"column":73}}},"fnMap":{},"branchMap":{},"s":{"0":3,"1":3},"f":{},"b":{}}
,"/Users/puneet.bhojwani/mycode/s3-download/src/security/decrypt.ts": {"path":"/Users/puneet.bhojwani/mycode/s3-download/src/security/decrypt.ts","statementMap":{"0":{"start":{"line":1,"column":0},"end":{"line":1,"column":26}},"1":{"start":{"line":2,"column":0},"end":{"line":2,"column":33}},"2":{"start":{"line":3,"column":0},"end":{"line":3,"column":31}},"3":{"start":{"line":4,"column":0},"end":{"line":4,"column":29}},"4":{"start":{"line":5,"column":0},"end":{"line":5,"column":35}},"5":{"start":{"line":6,"column":0},"end":{"line":6,"column":38}},"6":{"start":{"line":7,"column":0},"end":{"line":7,"column":44}},"7":{"start":{"line":10,"column":19},"end":{"line":10,"column":62}},"8":{"start":{"line":12,"column":17},"end":{"line":15,"column":4}},"9":{"start":{"line":17,"column":2},"end":{"line":17,"column":16}},"10":{"start":{"line":29,"column":29},"end":{"line":29,"column":63}},"11":{"start":{"line":31,"column":27},"end":{"line":32,"column":null}},"12":{"start":{"line":34,"column":24},"end":{"line":35,"column":null}},"13":{"start":{"line":38,"column":20},"end":{"line":38,"column":58}},"14":{"start":{"line":40,"column":39},"end":{"line":45,"column":14}},"15":{"start":{"line":47,"column":17},"end":{"line":47,"column":59}},"16":{"start":{"line":50,"column":2},"end":{"line":50,"column":25}},"17":{"start":{"line":52,"column":26},"end":{"line":52,"column":48}},"18":{"start":{"line":54,"column":2},"end":{"line":57,"column":4}},"19":{"start":{"line":59,"column":2},"end":{"line":59,"column":25}},"20":{"start":{"line":20,"column":0},"end":{"line":20,"column":22}}},"fnMap":{"0":{"name":"decryptAES","decl":{"start":{"line":9,"column":9},"end":{"line":9,"column":19}},"loc":{"start":{"line":9,"column":61},"end":{"line":18,"column":1}}},"1":{"name":"decryptFile","decl":{"start":{"line":20,"column":22},"end":{"line":20,"column":33}},"loc":{"start":{"line":27,"column":3},"end":{"line":60,"column":null}}}},"branchMap":{},"s":{"0":3,"1":3,"2":3,"3":3,"4":3,"5":3,"6":3,"7":2,"8":2,"9":2,"10":2,"11":2,"12":2,"13":2,"14":2,"15":2,"16":2,"17":2,"18":2,"19":2,"20":3},"f":{"0":2,"1":2},"b":{}}
,"/Users/puneet.bhojwani/mycode/s3-download/src/security/encrypt.ts": {"path":"/Users/puneet.bhojwani/mycode/s3-download/src/security/encrypt.ts","statementMap":{"0":{"start":{"line":1,"column":0},"end":{"line":1,"column":26}},"1":{"start":{"line":2,"column":0},"end":{"line":2,"column":33}},"2":{"start":{"line":3,"column":0},"end":{"line":3,"column":31}},"3":{"start":{"line":4,"column":0},"end":{"line":4,"column":35}},"4":{"start":{"line":5,"column":0},"end":{"line":5,"column":44}},"5":{"start":{"line":6,"column":0},"end":{"line":6,"column":38}},"6":{"start":{"line":7,"column":0},"end":{"line":7,"column":24}},"7":{"start":{"line":10,"column":17},"end":{"line":10,"column":58}},"8":{"start":{"line":11,"column":17},"end":{"line":11,"column":75}},"9":{"start":{"line":13,"column":2},"end":{"line":13,"column":16}},"10":{"start":{"line":17,"column":17},"end":{"line":20,"column":4}},"11":{"start":{"line":22,"column":20},"end":{"line":22,"column":58}},"12":{"start":{"line":24,"column":2},"end":{"line":24,"column":59}},"13":{"start":{"line":27,"column":29},"end":{"line":27,"column":63}},"14":{"start":{"line":28,"column":21},"end":{"line":28,"column":64}},"15":{"start":{"line":30,"column":18},"end":{"line":30,"column":47}},"16":{"start":{"line":33,"column":5},"end":{"line":33,"column":28}},"17":{"start":{"line":38,"column":27},"end":{"line":38,"column":70}},"18":{"start":{"line":41,"column":2},"end":{"line":41,"column":25}},"19":{"start":{"line":43,"column":2},"end":{"line":46,"column":5}},"20":{"start":{"line":26,"column":0},"end":{"line":26,"column":22}}},"fnMap":{"0":{"name":"encryptAES","decl":{"start":{"line":9,"column":9},"end":{"line":9,"column":19}},"loc":{"start":{"line":9,"column":55},"end":{"line":14,"column":1}}},"1":{"name":"generateDataKey","decl":{"start":{"line":16,"column":15},"end":{"line":16,"column":30}},"loc":{"start":{"line":16,"column":30},"end":{"line":25,"column":null}}},"2":{"name":"encryptFile","decl":{"start":{"line":26,"column":22},"end":{"line":26,"column":33}},"loc":{"start":{"line":26,"column":73},"end":{"line":47,"column":null}}}},"branchMap":{},"s":{"0":3,"1":3,"2":3,"3":3,"4":3,"5":3,"6":3,"7":2,"8":2,"9":2,"10":2,"11":2,"12":2,"13":2,"14":2,"15":2,"16":2,"17":2,"18":2,"19":2,"20":3},"f":{"0":2,"1":2,"2":2},"b":{}}
,"/Users/puneet.bhojwani/mycode/s3-download/src/security/index.ts": {"path":"/Users/puneet.bhojwani/mycode/s3-download/src/security/index.ts","statementMap":{"0":{"start":{"line":1,"column":0},"end":{"line":1,"column":9}},"1":{"start":{"line":1,"column":9},"end":{"line":1,"column":40}},"2":{"start":{"line":2,"column":0},"end":{"line":2,"column":9}},"3":{"start":{"line":2,"column":9},"end":{"line":2,"column":40}}},"fnMap":{"0":{"name":"(anonymous_0)","decl":{"start":{"line":1,"column":9},"end":{"line":1,"column":20}},"loc":{"start":{"line":1,"column":9},"end":{"line":1,"column":40}}},"1":{"name":"(anonymous_1)","decl":{"start":{"line":2,"column":9},"end":{"line":2,"column":20}},"loc":{"start":{"line":2,"column":9},"end":{"line":2,"column":40}}}},"branchMap":{},"s":{"0":3,"1":5,"2":3,"3":5},"f":{"0":2,"1":2},"b":{}}
}
