TN:
SF:src/index.ts
FN:5,downloadS3Data
FN:22,(anonymous_9)
FNF:2
FNH:2
FNDA:1,downloadS3Data
FNDA:1,(anonymous_9)
DA:1,1
DA:2,1
DA:3,1
DA:11,1
DA:16,1
DA:18,1
DA:21,1
DA:22,2
LF:8
LH:8
BRDA:6,0,0,1
BRDA:6,1,0,1
BRF:2
BRH:2
end_of_record
TN:
SF:src/config/index.ts
FNF:0
FNH:0
DA:1,4
LF:1
LH:1
BRDA:2,0,0,4
BRDA:2,0,1,4
BRDA:5,1,0,4
BRDA:5,1,1,4
BRF:4
BRH:4
end_of_record
TN:
SF:src/s3Downloader/index.ts
FN:8,fetchAndSaveDataFromS3
FN:31,(anonymous_16)
FN:31,(anonymous_17)
FN:39,(anonymous_18)
FN:47,(anonymous_19)
FN:52,(anonymous_20)
FN:62,(anonymous_21)
FN:68,(anonymous_22)
FNF:8
FNH:8
FNDA:3,fetchAndSaveDataFromS3
FNDA:8,(anonymous_16)
FNDA:8,(anonymous_17)
FNDA:8,(anonymous_18)
FNDA:4,(anonymous_19)
FNDA:6,(anonymous_20)
FNDA:3,(anonymous_21)
FNDA:3,(anonymous_22)
DA:1,2
DA:2,2
DA:3,2
DA:4,2
DA:5,2
DA:6,2
DA:8,2
DA:15,3
DA:16,3
DA:17,3
DA:19,3
DA:23,3
DA:25,3
DA:29,3
DA:31,8
DA:32,8
DA:33,8
DA:35,8
DA:37,8
DA:39,8
DA:40,8
DA:48,4
DA:49,4
DA:50,4
DA:53,6
DA:54,6
DA:55,6
DA:62,3
DA:63,3
DA:69,3
DA:70,3
LF:31
LH:31
BRF:0
BRH:0
end_of_record
TN:
SF:src/security/clearKey.ts
FN:1,clearKey
FNF:1
FNH:1
FNDA:4,clearKey
DA:1,3
DA:2,4
DA:3,70
LF:3
LH:3
BRF:0
BRH:0
end_of_record
TN:
SF:src/security/constants.ts
FNF:0
FNH:0
DA:1,3
DA:3,3
LF:2
LH:2
BRF:0
BRH:0
end_of_record
TN:
SF:src/security/decrypt.ts
FN:9,decryptAES
FN:20,decryptFile
FNF:2
FNH:2
FNDA:2,decryptAES
FNDA:2,decryptFile
DA:1,3
DA:2,3
DA:3,3
DA:4,3
DA:5,3
DA:6,3
DA:7,3
DA:10,2
DA:12,2
DA:17,2
DA:20,3
DA:29,2
DA:31,2
DA:34,2
DA:38,2
DA:40,2
DA:47,2
DA:50,2
DA:52,2
DA:54,2
DA:59,2
LF:21
LH:21
BRF:0
BRH:0
end_of_record
TN:
SF:src/security/encrypt.ts
FN:9,encryptAES
FN:16,generateDataKey
FN:26,encryptFile
FNF:3
FNH:3
FNDA:2,encryptAES
FNDA:2,generateDataKey
FNDA:2,encryptFile
DA:1,3
DA:2,3
DA:3,3
DA:4,3
DA:5,3
DA:6,3
DA:7,3
DA:10,2
DA:11,2
DA:13,2
DA:17,2
DA:22,2
DA:24,2
DA:26,3
DA:27,2
DA:28,2
DA:30,2
DA:33,2
DA:38,2
DA:41,2
DA:43,2
LF:21
LH:21
BRF:0
BRH:0
end_of_record
TN:
SF:src/security/index.ts
FN:1,(anonymous_0)
FN:2,(anonymous_1)
FNF:2
FNH:2
FNDA:2,(anonymous_0)
FNDA:2,(anonymous_1)
DA:1,5
DA:2,5
LF:2
LH:2
BRF:0
BRH:0
end_of_record
